0 info it worked if it ends with ok
1 verbose cli [ '/home/admin123/.nvm/versions/node/v4.2.2/bin/node',
1 verbose cli   '/home/admin123/.nvm/versions/node/v4.2.2/bin/npm',
1 verbose cli   'i' ]
2 info using npm@2.14.7
3 info using node@v4.2.2
4 verbose readDependencies loading dependencies from /home/admin123/GraphQL-with-React/GraphQL/package.json
5 error install Couldn't read dependencies
6 verbose stack Error: ENOENT: no such file or directory, open '/home/admin123/GraphQL-with-React/GraphQL/package.json'
6 verbose stack     at Error (native)
7 verbose cwd /home/admin123/GraphQL-with-React/GraphQL
8 error Linux 4.15.0-43-generic
9 error argv "/home/admin123/.nvm/versions/node/v4.2.2/bin/node" "/home/admin123/.nvm/versions/node/v4.2.2/bin/npm" "i"
10 error node v4.2.2
11 error npm  v2.14.7
12 error path /home/admin123/GraphQL-with-React/GraphQL/package.json
13 error code ENOPACKAGEJSON
14 error errno -2
15 error syscall open
16 error package.json ENOENT: no such file or directory, open '/home/admin123/GraphQL-with-React/GraphQL/package.json'
16 error package.json This is most likely not a problem with npm itself.
16 error package.json npm can't find a package.json file in your current directory.
17 verbose exit [ -2, true ]
